2021-05-11 14:23:22.842 Connection reset
2021-05-11 14:23:22.842 Connection reset
2021-05-11 14:23:22.842 Connection reset
2021-05-11 14:23:22.842 Connection reset
2021-05-11 14:23:22.842 Connection reset
2021-05-11 14:23:22.842 Connection reset
2021-05-11 14:23:22.842 Connection reset
2021-05-11 14:23:22.842 Connection reset
2021-05-11 14:23:22.842 Connection reset
2021-05-11 14:23:22.842 Connection reset
2021-05-11 14:23:22.842 Connection reset
2021-05-11 14:23:22.842 Connection reset
2021-05-11 14:23:22.842 Connection reset
2021-05-11 14:23:22.842 Connection reset
2021-05-11 14:23:22.842 Connection reset
2021-05-11 14:23:22.842 Connection reset
2021-05-11 14:23:22.842 Connection reset
2021-05-11 14:23:22.842 Connection reset
2021-05-11 14:23:22.842 Connection reset
2021-05-11 14:23:22.842 Connection reset
2021-05-11 14:23:22.842 Connection reset
2021-05-11 14:23:22.842 Connection reset
2021-05-11 14:23:22.857 Connection reset
2021-05-11 14:23:22.857 Connection reset
2021-05-11 14:23:22.857 Connection reset
2021-05-11 14:23:22.857 Connection reset
2021-05-11 14:23:22.857 Connection reset
2021-05-11 14:23:22.857 Connection reset
2021-05-11 14:23:22.857 Connection reset
2021-05-11 14:23:22.857 Connection reset
2021-05-11 14:23:22.857 Connection reset
2021-05-11 14:23:22.857 Connection reset
2021-05-11 14:23:22.857 Connection reset
2021-05-11 14:23:22.857 Connection reset
2021-05-11 14:23:22.857 Connection reset
2021-05-11 14:23:22.857 Connection reset
2021-05-11 14:23:22.857 Connection reset
2021-05-11 14:23:22.857 Connection reset
2021-05-11 14:23:22.857 Connection reset
2021-05-11 14:23:22.857 Connection reset
2021-05-11 14:23:22.857 Connection reset
2021-05-11 14:23:22.857 Connection reset
2021-05-11 14:23:22.857 Connection reset
2021-05-11 14:23:22.857 Connection reset
2021-05-11 14:23:22.857 Connection reset
2021-05-11 14:23:22.857 Connection reset
2021-05-11 14:23:22.857 Connection reset
2021-05-11 14:23:22.857 Connection reset
2021-05-11 14:23:22.857 Connection reset
2021-05-11 14:23:22.857 Connection reset
2021-05-11 14:23:22.857 Connection reset
2021-05-11 14:23:22.857 Connection reset
2021-05-11 14:23:22.857 Connection reset
2021-05-11 14:23:22.857 Connection reset
2021-05-11 14:23:22.857 Connection reset
2021-05-11 14:23:22.857 Connection reset
2021-05-11 14:23:22.857 Connection reset
2021-05-11 14:23:22.857 Connection reset
2021-05-11 14:23:22.857 Connection reset
2021-05-11 14:23:22.857 Connection reset
2021-05-11 14:23:22.857 Connection reset
2021-05-11 14:23:22.857 Connection reset
2021-05-11 14:23:22.857 Connection reset
2021-05-11 14:23:22.857 Connection reset
2021-05-11 14:23:22.857 Connection reset
2021-05-11 14:23:22.857 Connection reset
2021-05-11 14:23:22.857 Connection reset
2021-05-11 14:23:22.857 Connection reset
2021-05-11 14:23:22.857 Connection reset
2021-05-11 14:23:22.857 Connection reset
2021-05-11 14:23:22.857 Connection reset
2021-05-11 14:23:22.857 Connection reset
2021-05-11 14:23:22.864 Connection reset
2021-05-11 14:23:22.864 Connection reset
2021-05-11 14:23:22.864 Connection reset
2021-05-11 14:23:22.864 Connection reset
2021-05-11 14:23:22.864 Connection reset
2021-05-11 14:23:22.864 Connection reset
2021-05-11 14:23:22.864 Connection reset
2021-05-11 14:23:22.864 Connection reset
2021-05-11 14:23:22.865 Connection reset
2021-05-11 14:23:22.865 Connection reset
2021-05-11 14:23:22.865 Connection reset
2021-05-11 14:23:22.865 Connection reset
2021-05-11 14:23:22.865 Connection reset
2021-05-11 14:23:22.865 Connection reset
2021-05-11 14:23:22.865 Connection reset
2021-05-11 14:23:22.865 Connection reset
2021-05-11 14:23:22.865 Connection reset
2021-05-11 14:23:22.865 Connection reset
2021-05-11 14:23:22.865 Connection reset
2021-05-11 14:23:22.865 Connection reset
2021-05-11 14:23:22.865 Connection reset
2021-05-11 14:23:22.865 Connection reset
2021-05-11 14:23:22.865 Connection reset
2021-05-11 14:23:22.865 Connection reset
2021-05-11 14:23:22.865 Connection reset
2021-05-11 14:23:22.865 Connection reset
2021-05-11 14:23:22.865 Connection reset
2021-05-11 14:23:22.865 Connection reset
2021-05-11 14:23:22.865 Connection reset
2021-05-11 14:23:22.865 Connection reset
2021-05-11 14:23:22.865 Connection reset
2021-05-11 14:23:22.865 Connection reset
2021-05-11 14:23:22.865 Connection reset
2021-05-11 14:23:22.865 Connection reset
2021-05-11 14:23:22.865 Connection reset
2021-05-11 14:23:22.865 Connection reset
2021-05-11 14:23:22.865 Connection reset
2021-05-11 14:23:22.865 Connection reset
2021-05-11 14:23:22.865 Connection reset
2021-05-11 14:23:22.865 Connection reset
2021-05-11 14:23:22.865 Connection reset
2021-05-11 14:23:22.865 Connection reset
2021-05-11 14:23:22.865 Connection reset
2021-05-11 14:23:22.865 Connection reset
2021-05-11 14:23:22.865 Connection reset
2021-05-11 14:23:22.865 Connection reset
2021-05-11 14:23:22.865 Connection reset
2021-05-11 14:23:22.865 Connection reset
2021-05-11 14:23:22.865 Connection reset
2021-05-11 14:23:22.88 Connection reset
2021-05-11 14:23:22.88 Connection reset
2021-05-11 14:23:22.88 Connection reset
2021-05-11 14:23:22.88 Connection reset
2021-05-11 14:23:22.88 Connection reset
2021-05-11 14:23:22.88 Connection reset
2021-05-11 14:23:22.88 Connection reset
2021-05-11 14:23:22.88 Connection reset
2021-05-11 14:23:22.88 Connection reset
2021-05-11 14:23:22.88 Connection reset
2021-05-11 14:23:22.88 Connection reset
2021-05-11 14:23:22.88 Connection reset
2021-05-11 14:23:22.88 Connection reset
2021-05-11 14:23:22.88 Connection reset
2021-05-11 14:23:22.88 Connection reset
2021-05-11 14:23:22.88 Connection reset
2021-05-11 14:23:22.88 Connection reset
2021-05-11 14:23:22.88 Connection reset
2021-05-11 14:23:22.88 Connection reset
2021-05-11 14:23:22.88 Connection reset
2021-05-11 14:23:22.88 Connection reset
2021-05-11 14:23:22.88 Connection reset
2021-05-11 14:23:22.88 Connection reset
2021-05-11 14:23:22.88 Connection reset
2021-05-11 14:23:22.88 Connection reset
2021-05-11 14:23:22.88 Connection reset
2021-05-11 14:23:22.88 Connection reset
2021-05-11 14:23:22.88 Connection reset
2021-05-11 14:23:22.88 Connection reset
2021-05-11 14:23:22.88 Connection reset
2021-05-11 14:23:22.88 Connection reset
2021-05-11 14:23:22.88 Connection reset
2021-05-11 14:23:22.88 Connection reset
2021-05-11 14:23:22.88 Connection reset
2021-05-11 14:23:22.88 Connection reset
2021-05-11 14:23:22.88 Connection reset
2021-05-11 14:23:22.88 Connection reset
2021-05-11 14:23:22.88 Connection reset
2021-05-11 14:23:22.88 Connection reset
2021-05-11 14:23:22.88 Connection reset
2021-05-11 14:23:22.88 Connection reset
2021-05-11 14:23:22.88 Connection reset
2021-05-11 14:23:22.88 Connection reset
2021-05-11 14:23:22.88 Connection reset
2021-05-11 14:23:22.896 Connection reset
2021-05-11 14:23:22.896 Connection reset
2021-05-11 14:23:22.896 Connection reset
2021-05-11 14:23:22.896 Connection reset
2021-05-11 14:23:22.896 Connection reset
2021-05-11 14:23:22.896 Connection reset
2021-05-11 14:23:22.896 Connection reset
2021-05-11 14:23:22.896 Connection reset
2021-05-11 14:23:22.896 Connection reset
2021-05-11 14:23:22.896 Connection reset
2021-05-11 14:23:22.896 Connection reset
2021-05-11 14:23:22.896 Connection reset
2021-05-11 14:23:22.896 Connection reset
2021-05-11 14:23:22.896 Connection reset
2021-05-11 14:23:22.896 Connection reset
2021-05-11 14:23:22.896 Connection reset
2021-05-11 14:23:22.896 Connection reset
2021-05-11 14:23:22.896 Connection reset
2021-05-11 14:23:22.896 Connection reset
2021-05-11 14:23:22.896 Connection reset
2021-05-11 14:23:22.896 Connection reset
2021-05-11 14:23:22.896 Connection reset
2021-05-11 14:23:22.896 Connection reset
2021-05-11 14:23:22.896 Connection reset
2021-05-11 14:23:22.896 Connection reset
2021-05-11 14:23:22.896 Connection reset
2021-05-11 14:23:22.896 Connection reset
2021-05-11 14:23:22.896 Connection reset
2021-05-11 14:23:22.896 Connection reset
2021-05-11 14:23:22.896 Connection reset
2021-05-11 14:23:22.896 Connection reset
2021-05-11 14:23:22.896 Connection reset
2021-05-11 14:23:22.911 Connection reset
2021-05-11 14:23:22.911 Connection reset
2021-05-11 14:23:22.911 Connection reset
2021-05-11 14:23:22.916 Connection reset
2021-05-11 14:23:22.916 Connection reset
2021-05-11 14:23:22.916 Connection reset
2021-05-11 14:23:22.916 Connection reset
2021-05-11 14:23:22.916 Connection reset
2021-05-11 14:23:22.916 Connection reset
2021-05-11 14:23:22.916 Connection reset
2021-05-11 14:23:22.917 Connection reset
2021-05-11 14:23:22.917 Connection reset
2021-05-11 14:23:22.917 Connection reset
2021-05-11 14:23:22.917 Connection reset
2021-05-11 14:23:22.917 Connection reset
2021-05-11 14:23:22.917 Connection reset
2021-05-11 14:23:22.917 Connection reset
2021-05-11 14:23:22.917 Connection reset
2021-05-11 14:23:22.917 Connection reset
2021-05-11 14:23:22.917 Connection reset
2021-05-11 14:23:22.917 Connection reset
2021-05-11 14:23:22.917 Connection reset
2021-05-11 14:23:22.917 Connection reset
2021-05-11 14:23:22.917 Connection reset
2021-05-11 14:23:22.917 Connection reset2021-05-11 14:23:22.977 Connection reset
2021-05-11 14:23:22.978 Connection reset
2021-05-11 14:23:22.978 Connection reset
2021-05-11 14:23:22.979 Connection reset
2021-05-11 14:23:22.979 Connection reset
2021-05-11 14:23:22.979 Connection reset
2021-05-11 14:23:22.979 Connection reset
2021-05-11 14:23:22.979 Connection reset
2021-05-11 14:23:22.98 Connection reset
2021-05-11 14:23:22.98 Connection reset
2021-05-11 14:23:22.98 Connection reset
2021-05-11 14:23:22.98 Connection reset
2021-05-11 14:23:22.98 Connection reset
2021-05-11 14:23:22.98 Connection reset
2021-05-11 14:23:22.981 Connection reset
2021-05-11 14:23:22.981 Connection reset
2021-05-11 14:23:22.981 Connection reset
2021-05-11 14:23:22.981 Connection reset
2021-05-11 14:23:22.981 Connection reset
2021-05-11 14:23:22.981 Connection reset
2021-05-11 14:23:22.981 Connection reset
2021-05-11 14:23:22.981 Connection reset
2021-05-11 14:23:22.982 Connection reset
2021-05-11 14:23:22.982 Connection reset
2021-05-11 14:23:22.982 Connection reset
2021-05-11 14:23:22.982 Connection reset
2021-05-11 14:23:22.982 Connection reset
2021-05-11 14:23:22.982 Connection reset
2021-05-11 14:23:22.982 Connect2021-05-11 14:23:22.983 Connection reset
2021-05-11 14:23:22.983 Connection reset
2021-05-11 14:23:22.983 Connection reset
2021-05-11 14:23:22.983 Connection reset
2021-05-11 14:23:22.983 Connection reset
2021-05-11 14:23:22.983 Connection reset
2021-05-11 2021-05-11 14:23:22.983 Connection reset
2021-05-11 14:23:22.99 Connection reset
2021-05-11 14:23:22.99 Connection reset
2021-05-11 14:23:22.99 Connection reset
2021-05-11 14:23:22.99 Connection reset
2021-05-11 14:23:22.99 Connection reset
2021-05-11 14:23:22.99 Connection reset
2021-05-11 14:23:22.992 Connection reset
2021-05-11 14:23:22.994 Connection reset
2021-05-11 14:23:22.994 Connection reset
2021-05-11 14:23:22.994 Connection reset
2021-05-11 14:23:22.994 Connection reset
2021-05-11 14:23:22.994 Connection reset
2021-05-11 14:23:22.994 Connection reset
2021-05-11 14:23:22.994 Connection reset
2021-05-11 14:23:22.995 Connection reset
2021-05-11 14:23:22.995 Connection reset
2021-05-11 14:23:22.995 Connection reset
2021-05-11 14:23:22.995 Connection reset
2021-05-11 14:23:22.995 Connection reset
2021-05-11 14:23:22.995 Connection reset
2021-05-11 14:23:22.995 Connection reset
2021-05-11 14:23:22.995 Connection reset
2021-05-11 14:23:22.995 Connection reset
2021-05-11 14:23:22.995 Connection reset
2021-05-11 14:23:22.995 Connection reset
2021-05-11 14:23:22.995 Connection reset
2021-05-11 14:23:22.995 Connection reset
2021-05-11 14:23:22.995 Connection reset
2021-05-11 14:23:23.001 Connection reset
2021-05-11 14:23:23.002 Connection reset
2021-05-11 14:23:23.002 Connection reset
2021-05-11 14:23:23.002 Connection reset
2021-05-11 14:23:23.002 Connection reset
2021-05-11 14:23:23.002 Connection reset
2021-05-11 14:23:23.002 Connection reset
2021-05-11 14:23:23.002 Connection reset
2021-05-11 14:23:23.002 Connection reset
2021-05-11 14:23:23.002 Connection reset
2021-05-11 14:23:23.002 Connection reset
2021-05-11 14:23:23.002 Connection reset
2021-05-11 14:23:23.002 Connection reset
2021-05-11 14:23:23.002 Connection reset
2021-05-11 14:23:23.003 Connection reset
2021-05-11 14:23:23.003 Connection reset
2021-05-11 14:23:23.003 Connection reset
2021-05-11 14:23:23.003 Connection reset
2021-05-11 14:23:23.003 Connection reset
2021-05-11 14:23:23.003 Connection reset
2021-05-11 14:23:23.003 Connection reset
2021-05-11 14:23:23.003 Connection reset
2021-05-11 14:23:23.003 Connection reset
2021-05-11 14:23:23.003 Connection reset
2021-05-11 14:23:23.003 Connection reset
2021-05-11 14:23:23.003 Connection reset
2021-05-11 14:23:23.003 Connection reset
2021-05-11 14:23:23.004 Connection reset
2021-05-11 14:23:23.004 Connection reset
2021-05-11 14:23:23.004 Connection reset
2021-05-11 14:23:23.004 Connection reset
2021-05-11 14:23:23.004 Connection reset
2021-05-11 14:23:23.004 Connection reset
2021-05-11 14:23:23.004 Connection reset
2021-05-11 14:23:23.004 Connection reset
2021-05-11 14:23:23.004 Connection reset
2021-05-11 14:23:23.004 Connection reset
2021-05-11 14:23:23.004 Connection reset
2021-05-11 14:23:23.004 Connection reset
2021-05-11 14:23:23.004 Connection reset
2021-05-11 14:23:23.005 Connection reset
2021-05-11 14:23:23.005 Connection reset
2021-05-11 14:23:23.005 Connection reset
2021-05-11 14:23:23.005 Connection reset
2021-05-11 14:23:23.006 Connection reset
2021-05-11 14:23:23.006 Connection reset
2021-05-11 14:23:23.006 Connection reset
2021-05-11 14:23:23.006 Connection reset
2021-05-11 14:23:23.006 Connection reset
2021-05-11 14:23:23.006 Connection reset
2021-05-11 14:23:23.006 Connection reset
2021-05-11 14:23:23.006 Connection reset
2021-05-11 14:23:23.006 Connection reset
2021-05-11 14:23:23.006 Connection reset
2021-05-11 14:23:23.006 Connection reset
2021-05-11 14:23:23.006 Connection reset
2021-05-11 14:23:23.007 Connection reset
2021-05-11 14:23:23.008 Connection reset
2021-05-11 14:23:23.008 Connection reset
2021-05-11 14:23:23.01 Connection reset
2021-05-11 14:23:23.011 Connection reset
2021-05-11 14:23:23.011 Connection reset
2021-05-11 14:23:23.018 Connection reset
2021-05-11 14:23:23.019 Connection reset
2021-05-11 14:23:23.019 Connection reset
2021-05-11 14:23:23.019 Connection reset
2021-05-11 14:23:23.019 Connection reset
2021-05-11 14:23:23.02 Connection reset
2021-05-11 14:23:23.02 Connection reset
2021-05-11 14:23:23.02 Connection reset
2021-05-11 14:23:23.021 Connection reset
2021-05-11 14:23:23.022 Connection reset
2021-05-11 14:23:23.022 Connection reset
2021-05-11 14:23:23.022 Connection reset
2021-05-11 14:23:23.022 Connection reset
2021-05-11 14:23:23.023 Connection reset
2021-05-11 14:23:23.023 Connection reset
2021-05-11 14:23:23.023 Connection reset
2021-05-11 14:23:23.023 Connection reset
2021-05-11 14:23:23.024 Connection reset
2021-05-11 14:23:23.024 Connection reset
2021-05-11 14:23:23.024 Connection reset
2021-05-11 14:23:23.035 Connection reset
2021-05-11 14:23:23.045 Connection reset
2021-05-11 14:23:23.049 Connection reset
2021-05-11 14:23:23.05 Connection reset
2021-05-11 14:23:23.051 Connection reset
2021-05-11 14:23:23.051 Connection reset
2021-05-11 14:23:23.051 Connection reset
2021-05-11 14:23:23.052 Connection reset
2021-05-11 14:23:23.052 Connection reset
2021-05-11 14:23:23.053 Connection reset
2021-05-11 14:23:23.053 Connection reset
2021-05-11 14:23:23.058 Connection reset
2021-05-11 14:23:23.058 Connection reset
2021-05-11 14:23:23.058 Connection reset
2021-05-11 14:23:23.059 Connection reset
2021-05-11 14:23:23.06 Connection reset
2021-05-11 14:23:23.061 Connection reset
2021-05-11 14:23:23.062 Connection reset
2021-05-11 14:23:23.062 Connection reset
2021-05-11 14:23:23.063 Connection reset
2021-05-11 14:23:23.063 Connection reset
2021-05-11 14:23:23.063 Connection reset
2021-05-11 14:23:23.064 Connection reset
2021-05-11 14:23:23.065 Connection reset
2021-05-11 14:23:23.066 Connection reset
2021-05-11 14:23:23.067 Connection reset
2021-05-11 14:23:23.067 Connection reset
2021-05-11 14:23:23.068 Connection reset
2021-05-11 14:23:23.068 Connection reset
2021-05-11 14:23:23.068 Connection reset
2021-05-11 14:23:23.068 Connection reset
2021-05-11 14:23:23.068 Connection reset
2021-05-11 14:23:23.069 Connection reset
2021-05-11 14:23:23.069 Connection reset
2021-05-11 14:23:23.069 Connection reset
2021-05-11 14:23:23.129 Connection reset
2021-05-11 14:23:23.129 Connection reset
2021-05-11 14:23:23.129 Connection reset
2021-05-11 14:23:23.129 Connection reset
2021-05-11 14:23:23.129 Connection reset
2021-05-11 14:23:23.129 Connection reset
2021-05-11 14:23:23.129 Connection reset
2021-05-11 14:23:23.129 Connection reset
2021-05-11 14:23:23.129 Connection reset
2021-05-11 14:23:23.13 Connection reset
2021-05-11 14:23:23.13 Connection reset
2021-05-11 14:23:23.13 Connection reset
2021-05-11 14:23:23.13 Connection reset
2021-05-11 14:23:23.13 Connection reset
2021-05-11 14:23:23.13 Connection reset
2021-05-11 14:23:23.13 Connection reset
2021-05-11 14:23:23.13 Connection reset
2021-05-11 14:23:23.13 Connection reset
2021-05-11 14:23:23.131 Connection reset
2021-05-11 14:23:23.131 Connection reset
2021-05-11 14:23:23.131 Connection reset
2021-05-11 14:23:23.131 Connection reset
2021-05-11 14:23:23.131 Connection reset
2021-05-11 14:23:23.131 Connection reset
2021-05-11 14:23:23.131 Connection reset
2021-05-11 14:23:23.131 Connection reset
2021-05-11 14:23:23.132 Connection reset
2021-05-11 14:23:23.132 Connection reset
2021-05-11 14:23:23.132 Connection reset
2021-05-11 14:23:23.132 Connection reset
2021-05-11 14:23:23.132 Connection reset
2021-05-11 14:23:23.132 Connection reset
2021-05-11 14:23:23.132 Connection reset
2021-05-11 14:23:23.133 Connection reset
2021-05-11 14:23:23.133 Connection reset
2021-05-11 14:23:23.133 Connection reset
2021-05-11 14:23:23.133 Connection reset
2021-05-11 14:23:23.133 Connection reset
2021-05-11 14:23:23.133 Connection reset
2021-05-11 14:23:23.133 Connection reset
2021-05-11 14:23:23.134 Connection reset
2021-05-11 14:23:23.134 Connection reset
2021-05-11 14:23:23.134 Connection reset
2021-05-11 14:23:23.135 Connection reset
2021-05-11 14:23:23.135 Connection reset
2021-05-11 14:23:23.135 Connection reset
2021-05-11 14:23:23.135 Connection reset
2021-05-11 14:23:23.135 Connection reset
2021-05-11 14:23:23.136 Connection reset
2021-05-11 14:23:23.136 Connection reset
2021-05-11 14:23:23.136 Connection reset
2021-05-11 14:23:23.136 Connection reset
2021-05-11 14:23:23.136 Connection reset
2021-05-11 14:23:23.136 Connection reset
2021-05-11 14:23:23.136 Connection reset
2021-05-11 14:23:23.136 Connection reset
2021-05-11 14:23:23.136 Connection reset
2021-05-11 14:23:23.136 Connection reset
2021-05-11 14:23:23.137 Connection reset
2021-05-11 14:23:23.137 Connection reset
2021-05-11 14:23:23.137 Connection reset
2021-05-11 14:23:23.137 Connection reset
2021-05-11 14:23:23.137 Connection reset
2021-05-11 14:23:23.137 Connection reset
2021-05-11 14:23:23.137 Connection reset
2021-05-11 14:23:23.137 Connection reset
2021-05-11 14:23:23.137 Connection reset
2021-05-11 14:23:23.139 Connection reset
2021-05-11 14:23:23.139 Connection reset
2021-05-11 14:23:23.139 Connection reset
2021-05-11 14:23:23.139 Connection reset
2021-05-11 14:23:23.139 Connection reset
2021-05-11 14:23:23.139 Connection reset
2021-05-11 14:23:23.139 Connection reset
2021-05-11 14:23:23.14 Connection reset
2021-05-11 14:23:23.14 Connection reset
2021-05-11 14:23:23.14 Connection reset
2021-05-11 14:23:23.14 Connection reset
2021-05-11 14:23:23.14 Connection reset
2021-05-11 14:23:23.14 Connection reset
2021-05-11 14:23:23.14 Connection reset
2021-05-11 14:23:23.141 Connection reset
2021-05-11 14:23:23.141 Connection reset
2021-05-11 14:23:23.141 Connection reset
2021-05-11 14:23:23.141 Connection reset
2021-05-11 14:23:23.141 Connection reset
2021-05-11 14:23:23.145 Connection reset
2021-05-11 14:23:23.145 Connection reset
2021-05-11 14:23:23.146 Connection reset
2021-05-11 14:23:23.146 Connection reset
2021-05-11 14:23:23.146 Connection reset
2021-05-11 14:23:23.146 Connection reset
2021-05-11 14:23:23.146 Connection reset
2021-05-11 14:23:23.146 Connection reset
2021-05-11 14:23:23.147 Connection reset
2021-05-11 14:23:23.147 Connection reset
2021-05-11 14:23:23.147 Connection reset
2021-05-11 14:23:23.147 Connection reset
2021-05-11 14:23:23.147 Connection reset
2021-05-11 14:23:23.147 Connection reset
2021-05-11 14:23:23.147 Connection reset
2021-05-11 14:23:23.147 Connection reset
2021-05-11 14:23:23.148 Connection reset
2021-05-11 14:23:23.148 Connection reset
2021-05-11 14:23:23.148 Connection reset
2021-05-11 14:23:23.148 Connection reset
2021-05-11 14:23:23.148 Connection reset
2021-05-11 14:23:23.148 2021-05-11 14:23:23.276 Connection reset
2021-05-11 14:23:23.276 Connection reset
2021-05-11 14:23:23.276 Connection reset
2021-05-11 14:23:23.276 Connection reset
2021-05-11 14:23:23.276 Connection reset
2021-05-11 14:23:23.276 Connection reset
2021-05-11 14:23:23.276 Connection reset
2021-05-11 14:23:23.276 Connection reset
2021-05-11 14:23:23.276 Connection reset
2021-05-11 14:23:23.276 Connection reset
2021-05-11 14:23:23.276 Connection reset
2021-05-11 14:23:23.276 Connection reset
2021-05-11 14:23:23.276 Connection reset
2021-05-11 14:23:23.276 Connection reset
2021-05-11 14:23:23.276 Connection reset
2021-05-11 14:23:23.276 Connection reset
2021-05-11 14:23:23.276 Connection reset
2021-05-11 14:23:23.276 Connection reset
2021-05-11 14:23:23.276 Connection reset
2021-05-11 14:23:23.276 Connection reset
2021-05-11 14:23:23.276 Connection reset
2021-05-11 14:23:23.276 Connection reset
2021-05-11 14:23:23.276 Connection reset
2021-05-11 14:23:23.276 Connection reset
2021-05-11 14:23:23.276 Connection reset
2021-05-11 14:23:23.276 Connection reset
2021-05-11 14:23:23.276 Connection reset
2021-05-11 14:23:23.276 Connection reset
2021-05-11 14:23:23.276 Connection reset
2021-05-11 14:23:23.276 Connection reset
2021-05-11 14:23:23.276 Connection reset
2021-05-11 14:23:23.276 Connection reset
2021-05-11 14:23:23.276 Connection reset
2021-05-11 14:23:23.276 Connection reset
2021-05-11 14:23:23.276 Connection reset
2021-05-11 14:23:23.276 Connection reset
2021-05-11 14:23:23.276 Connection reset
2021-05-11 14:23:23.276 Connection reset
2021-05-11 14:23:23.276 Connection reset
2021-05-11 14:23:23.276 Connection reset
2021-05-11 14:23:23.276 Connection reset
2021-05-11 14:23:23.276 Connection reset
2021-05-11 14:23:23.276 Connection reset
2021-05-11 14:23:23.276 Connection reset
2021-05-11 14:23:23.276 Connection reset
2021-05-11 14:23:23.276 Connection reset
2021-05-11 14:23:23.276 Connection reset
2021-05-11 14:23:23.276 Connection reset
2021-05-11 14:23:23.276 Connection reset
2021-05-11 14:23:23.276 Connection reset
2021-05-11 14:23:23.276 Connection reset
2021-05-11 14:23:23.276 Connection reset
2021-05-11 14:23:23.276 Connection reset
2021-05-11 14:23:23.276 Connection reset
2021-05-11 14:23:23.276 Connection reset
2021-05-11 14:23:23.276 Connection reset
2021-05-11 14:23:23.276 Connection reset
2021-05-11 14:23:23.276 Connection reset
2021-05-11 14:23:23.276 Connection reset
2021-05-11 14:23:23.276 Connection reset
2021-05-11 14:23:23.276 Connection reset
2021-05-11 14:23:23.276 Connection reset
2021-05-11 14:23:23.276 Connection reset
2021-05-11 14:23:23.276 Connection reset
2021-05-11 14:23:23.276 Connection reset
2021-05-11 14:23:23.276 Connection reset
2021-05-11 14:23:23.276 Connection reset
2021-05-11 14:23:23.276 Connection reset
2021-05-11 14:23:23.276 Connection reset
2021-05-11 14:23:23.276 Connection reset
2021-05-11 14:23:23.276 Connection reset
2021-05-11 14:23:23.276 Connection reset
2021-05-11 14:23:23.276 Connection reset
2021-05-11 14:23:23.276 Connection reset
2021-05-11 14:23:23.276 Connection reset
2021-05-11 14:23:23.276 Connection reset
2021-05-11 14:23:23.276 Connection reset
2021-05-11 14:23:23.276 Connection reset
2021-05-11 14:23:23.276 Connection reset
2021-05-11 14:23:23.276 Connection reset
2021-05-11 14:23:23.276 Connection reset
2021-05-11 14:23:23.276 Connection reset
2021-05-11 14:23:23.276 Connection reset
2021-05-11 14:23:23.276 Connection reset
2021-05-11 14:23:23.276 Connection reset
2021-05-11 14:23:23.276 Connection reset
2021-05-11 14:23:23.276 Connection reset
2021-05-11 14:23:23.276 Connection reset
2021-05-11 14:23:23.276 Connection reset
2021-05-11 14:23:23.276 Connection reset
2021-05-11 14:23:23.276 Connection reset
2021-05-11 14:23:23.276 Connection reset
2021-05-11 14:23:23.276 Connection reset
2021-05-11 14:23:23.276 Connection reset
2021-05-11 14:23:23.276 Connection reset
2021-05-11 14:23:23.276 Connection reset
2021-05-11 14:23:23.276 Connection reset
2021-05-11 14:23:23.276 Connection reset
2021-05-11 14:23:23.276 Connection reset
2021-05-11 14:23:23.276 Connection reset
2021-05-11 14:23:23.276 Connection reset
2021-05-11 14:23:23.276 Connection reset
2021-05-11 14:23:23.276 Connection reset
2021-05-11 14:23:23.276 Connection reset
2021-05-11 14:23:23.276 Connection reset
2021-05-11 14:23:23.276 Connection reset
2021-05-11 14:23:23.276 Connection reset
2021-05-11 14:23:23.276 Connection reset
2021-05-11 14:23:23.276 Connection reset
2021-05-11 14:23:23.276 Connection reset
2021-05-11 14:23:23.276 Connection reset
2021-05-11 14:23:23.276 Connection reset
2021-05-11 14:23:23.276 Connection reset
2021-05-11 14:23:23.276 Connection reset
2021-05-11 14:23:23.276 Connection reset
2021-05-11 14:23:23.276 Connection reset
2021-05-11 14:23:23.276 Connection reset
2021-05-11 14:23:23.276 Connection reset
2021-05-11 14:23:23.276 Connection reset
2021-05-11 14:23:23.276 Connection reset
2021-05-11 14:23:23.276 Connection reset
2021-05-11 14:23:23.276 Connection reset
2021-05-11 14:23:23.276 Connection reset
2021-05-11 14:23:23.276 Connection reset
2021-05-11 14:23:23.276 Connection reset
2021-05-11 14:23:23.276 Connection reset
2021-05-11 14:23:23.276 Connection reset
2021-05-11 14:23:23.276 Connection reset
2021-05-11 14:23:23.276 Connection reset
2021-05-11 14:23:23.276 Connection reset
2021-05-11 14:23:23.276 Connection reset
2021-05-11 14:23:23.276 Connection reset
2021-05-11 14:23:23.276 Connection reset
2021-05-11 14:23:23.276 Connection reset
2021-05-11 14:23:23.276 Connection reset
2021-05-11 14:23:23.276 Connection reset
2021-05-11 14:23:23.276 Connection reset
2021-05-11 14:23:23.276 Connection reset
2021-05-11 14:23:23.276 Connection reset
2021-05-11 14:23:23.276 Connection reset
2021-05-11 14:23:23.276 Connection reset
2021-05-11 14:23:23.276 Connection reset
2021-05-11 14:23:23.276 Connection reset
2021-05-11 14:23:23.276 Connection reset
2021-05-11 14:23:23.276 Connection reset
2021-05-11 14:23:23.276 Connection reset
2021-05-11 14:23:23.276 Connection reset
2021-05-11 14:23:23.276 Connection reset
2021-05-11 14:23:23.276 Connection reset
2021-05-11 14:23:23.276 Connection reset
2021-05-11 14:23:23.276 Connection reset
2021-05-11 14:23:23.276 Connection reset
2021-05-11 14:23:23.276 Connection reset
2021-05-11 14:23:23.276 Connection reset
2021-05-11 14:23:23.276 Connection reset
2021-05-11 14:23:23.276 Connection reset
2021-05-11 14:23:23.276 Connection reset
2021-05-11 14:23:23.276 Connection reset
2021-05-11 14:23:23.276 Connection reset
2021-05-11 14:23:23.291 Connection reset
2021-05-11 14:23:23.291 Connection reset
2021-05-11 14:23:23.291 Connection reset
2021-05-11 14:23:23.291 Connection reset
2021-05-11 14:23:23.291 Connection reset
2021-05-11 14:23:23.291 Connection reset
2021-05-11 14:23:23.291 Connection reset
2021-05-11 14:23:23.291 Connection reset
2021-05-11 14:23:23.291 Connection reset
2021-05-11 14:23:23.291 Connection reset
2021-05-11 14:23:23.291 Connection reset
2021-05-11 14:23:23.291 Connection reset
2021-05-11 14:23:23.291 Connection reset
2021-05-11 14:23:23.291 Connection reset
2021-05-11 14:23:23.291 Connection reset
2021-05-11 14:23:23.291 Connection reset
2021-05-11 14:23:23.291 Connection reset
2021-05-11 14:23:23.291 Connection reset
2021-05-11 14:23:23.291 Connection reset
2021-05-11 14:23:23.291 Connection reset
2021-05-11 14:23:23.291 Connection reset
2021-05-11 14:23:23.291 Connection reset
2021-05-11 14:23:23.291 Connection reset
2021-05-11 14:23:23.291 Connection reset
2021-05-11 14:23:23.291 Connection reset
2021-05-11 14:23:23.291 Connection reset
2021-05-11 14:23:23.291 Connection reset
2021-05-11 14:23:23.291 Connection reset
2021-05-11 14:23:23.291 Connection reset
2021-05-11 14:23:23.291 Connection reset
2021-05-11 14:23:23.291 Connection reset
2021-05-11 14:23:23.291 Connection reset
2021-05-11 14:23:23.291 Connection reset
2021-05-11 14:23:23.291 Connection reset
2021-05-11 14:23:23.291 Connection reset
2021-05-11 14:23:23.291 Connection reset
2021-05-11 14:23:23.291 Connection reset
2021-05-11 14:23:23.291 Connection reset
2021-05-11 14:23:23.291 Connection reset
2021-05-11 14:23:23.291 Connection reset
2021-05-11 14:23:23.291 Connection reset
2021-05-11 14:23:23.291 Connection reset
2021-05-11 14:23:23.291 Connection reset
2021-05-11 14:23:23.291 Connection reset
2021-05-11 14:23:23.291 Connection reset
2021-05-11 14:23:23.291 Connection reset
2021-05-11 14:23:23.291 Connection reset
2021-05-11 14:23:23.291 Connection reset
2021-05-11 14:23:23.291 Connection reset
2021-05-11 14:23:23.291 Connection reset
2021-05-11 14:23:23.291 Connection reset
2021-05-11 14:23:23.291 Connection reset
2021-05-11 14:23:23.291 Connection reset
2021-05-11 14:23:23.307 Connection reset
2021-05-11 14:23:23.307 Connection reset
2021-05-11 14:23:23.307 Connection reset
2021-05-11 14:23:23.307 Connection reset
2021-05-11 14:23:23.307 Connection reset
2021-05-11 14:23:23.307 Connection reset
2021-05-11 14:23:23.307 Connection reset
2021-05-11 14:23:23.307 Connection reset
2021-05-11 14:23:23.307 Connection reset
2021-05-11 14:23:23.307 Connection reset
2021-05-11 14:23:23.307 Connection reset
2021-05-11 14:23:23.307 Connection reset
2021-05-11 14:23:23.307 Connection reset
2021-05-11 14:23:23.307 Connection reset
2021-05-11 14:23:23.307 Connection reset
2021-05-11 14:23:23.307 Connection reset
2021-05-11 14:23:23.307 Connection reset
2021-05-11 14:23:23.307 Connection reset
2021-05-11 14:23:23.307 Connection reset
2021-05-11 14:23:23.307 Connection reset
2021-05-11 14:23:23.308 Connection reset
2021-05-11 14:23:23.308 Connection reset
2021-05-11 14:23:23.308 Connection reset
2021-05-11 14:23:23.308 Connection reset
2021-05-11 14:23:23.308 Connection reset
2021-05-11 14:23:23.308 Connection reset
2021-05-11 14:23:23.308 Connection reset
2021-05-11 14:23:23.308 Connection reset
2021-05-11 14:23:23.308 Connection reset
2021-05-11 14:23:23.308 Connection reset
2021-05-11 14:23:23.308 Connection reset
2021-05-11 14:23:23.308 Connection reset
2021-05-11 14:23:23.308 Connection reset
2021-05-11 14:23:23.308 Connection reset
2021-05-11 14:23:23.308 Connection reset
2021-05-11 14:23:23.308 Connection reset
2021-05-11 14:23:23.308 Connection reset
2021-05-11 14:23:23.308 Connection reset
2021-05-11 14:23:23.308 Connection reset
2021-05-11 14:23:23.308 Connection reset
2021-05-11 14:23:23.308 Connection reset
2021-05-11 14:23:23.308 Connection reset
2021-05-11 14:23:23.308 Connection reset
2021-05-11 14:23:23.308 Connection reset
2021-05-11 14:23:23.308 Connection reset
2021-05-11 14:23:23.308 Connection reset
2021-05-11 14:23:23.308 Connection reset
2021-05-11 14:23:23.308 Connection reset
2021-05-11 14:23:23.308 Connection reset
2021-05-11 14:23:23.308 Connection reset
2021-05-11 14:23:23.308 Connection reset
2021-05-11 14:23:23.308 Connection reset
2021-05-11 14:23:23.308 Connection reset
2021-05-11 14:23:23.308 Connection reset
2021-05-11 14:23:23.309 Connection reset
2021-05-11 14:23:23.309 Connection reset
2021-05-11 14:23:23.309 Connection reset
2021-05-11 14:23:23.309 Connection reset
2021-05-11 14:23:23.309 Connection reset
2021-05-11 14:23:23.309 Connection reset
2021-05-11 14:23:23.309 Connection reset
2021-05-11 14:23:23.309 Connection reset
2021-05-11 14:23:23.309 Connection reset
2021-05-11 14:23:23.309 Connection reset
2021-05-11 14:23:23.309 Connection reset
2021-05-11 14:23:23.309 Connection reset
2021-05-11 14:23:23.309 Connection reset
2021-05-11 14:23:23.309 Connection reset
2021-05-11 14:23:23.309 Connection reset
2021-05-11 14:23:23.309 Connection reset
2021-05-11 14:23:23.309 Connection reset
2021-05-11 14:23:23.309 Connection reset
2021-05-11 14:23:23.309 Connection reset
2021-05-11 14:23:23.309 Connection reset
2021-05-11 14:23:23.309 Connection reset
2021-05-11 14:23:23.309 Connection reset
2021-05-11 14:23:23.309 Connection reset
2021-05-11 14:23:23.309 Connection reset
2021-05-11 14:23:23.309 Connection reset
2021-05-11 14:23:23.309 Connection reset
2021-05-11 14:23:23.309 Connection reset
2021-05-11 14:23:23.31 Connection reset
2021-05-11 14:23:23.31 Connection reset
2021-05-11 14:23:23.31 Connection reset
2021-05-11 14:23:23.31 Connection reset
2021-05-11 14:23:23.31 Connection reset
2021-05-11 14:23:23.31 Connection reset
2021-05-11 14:23:23.31 Connection reset
2021-05-11 14:23:23.31 Connection reset
2021-05-11 14:23:23.31 Connection reset
2021-05-11 14:23:23.31 Connection reset
2021-05-11 14:23:23.31 Connection reset
2021-05-11 14:23:23.31 Connection reset
2021-05-11 14:23:23.31 Connection reset
2021-05-11 14:23:23.31 Connection reset
2021-05-11 14:23:23.31 Connection reset
2021-05-11 14:23:23.31 Connection reset
2021-05-11 14:23:23.31 Connection reset
2021-05-11 14:23:23.311 Connection reset
2021-05-11 14:23:23.311 Connection reset
2021-05-11 14:23:23.311 Connection reset
2021-05-11 14:23:23.311 Connection reset
2021-05-11 14:23:23.311 Connection reset
2021-05-11 14:23:23.311 Connection reset
2021-05-11 14:23:23.311 Connection reset
2021-05-11 14:23:23.311 Connection reset
2021-05-11 14:23:23.311 Connection reset
2021-05-11 14:23:23.311 Connection reset
2021-05-11 14:23:23.311 Connection reset
2021-05-11 14:23:23.311 Connection reset
2021-05-11 14:23:23.311 Connection reset
2021-05-11 14:23:23.311 Connection reset
2021-05-11 14:23:23.311 Connection reset
2021-05-11 14:23:23.311 Connection reset
2021-05-11 14:23:23.311 Connection reset
2021-05-11 14:23:23.311 Connection reset
2021-05-11 14:23:23.311 Connection reset
2021-05-11 14:23:23.311 Connection reset
2021-05-11 14:23:23.311 Connection reset
2021-05-11 14:23:23.311 Connection reset
2021-05-11 14:23:23.311 Connection reset
2021-05-11 14:23:23.311 Connection reset
2021-05-11 14:23:23.311 Connection reset
2021-05-11 14:23:23.311 Connection reset
2021-05-11 14:23:23.311 Connection reset
2021-05-11 14:23:23.311 Connection reset
2021-05-11 14:23:23.311 Connection reset
2021-05-11 14:23:23.311 Connection reset
2021-05-11 14:23:23.311 Connection reset
2021-05-11 14:23:23.311 Connection reset
2021-05-11 14:23:23.311 Connection reset
2021-05-11 14:23:23.311 Connection reset
2021-05-11 14:23:23.311 Connection reset
2021-05-11 14:23:23.311 Connection reset
2021-05-11 14:23:23.311 Connection reset
2021-05-11 14:23:23.311 Connection reset
2021-05-11 14:23:23.311 Connection reset
2021-05-11 14:23:23.311 Connection reset
2021-05-11 14:23:23.311 Connection reset
2021-05-11 14:23:23.311 Connection reset
2021-05-11 14:23:23.311 Connection reset
2021-05-11 14:23:23.311 Connection reset
2021-05-11 14:23:23.319 Connection reset
2021-05-11 14:23:23.319 Connection reset
2021-05-11 14:23:23.319 Connection reset
2021-05-11 14:23:23.319 Connection reset
2021-05-11 14:23:23.319 Connection reset
2021-05-11 14:23:23.319 Connection reset
2021-05-11 14:23:23.319 Connection reset
2021-05-11 14:23:23.319 Connection reset
2021-05-11 14:23:23.319 Connection reset
2021-05-11 14:23:23.319 Connection reset
2021-05-11 14:23:23.319 Connection reset
2021-05-11 14:23:23.319 Connection reset
2021-05-11 14:23:23.319 Connection reset
2021-05-11 14:23:23.32 Connection reset
2021-05-11 14:23:23.32 Connection reset
2021-05-11 14:23:23.32 Connection reset
2021-05-11 14:23:23.32 Connection reset
2021-05-11 14:23:23.32 Connection reset
2021-05-11 14:23:23.32 Connection reset
2021-05-11 14:23:23.32 Connection reset
2021-05-11 14:23:23.32 Connection reset
2021-05-11 14:23:23.32 Connection reset
2021-05-11 14:23:23.32 Connection reset
2021-05-11 14:23:23.32 Connection reset
2021-05-11 14:23:23.32 Connection reset
2021-05-11 14:23:23.32 Connection reset
2021-05-11 14:23:23.32 Connection reset
2021-05-11 14:23:23.32 Connection reset
2021-05-11 14:23:23.32 Connection reset
2021-05-11 14:23:23.32 Connection reset
2021-05-11 14:23:23.32 Connection reset
2021-05-11 14:23:23.32 Connection reset
2021-05-11 14:23:23.32 Connection reset
2021-05-11 14:23:23.32 Connection reset
2021-05-11 14:23:23.32 Connection reset
2021-05-11 14:23:23.32 Connection reset
2021-05-11 14:23:23.32 Connection reset
2021-05-11 14:23:23.323 Connection reset
2021-05-11 14:23:23.324 Connection reset
2021-05-11 14:23:23.324 Connection reset
2021-05-11 14:23:23.324 Connection reset
2021-05-11 14:23:23.324 Connection reset
2021-05-11 14:23:23.339 Connection reset
2021-05-11 14:23:23.339 Connection reset
2021-05-11 14:23:23.339 Connection reset
2021-05-11 14:23:23.339 Connection reset
2021-05-11 14:23:23.339 Connection reset
2021-05-11 14:23:23.339 Connection reset
2021-05-11 14:23:23.339 Connection reset
2021-05-11 14:23:23.339 Connection reset
2021-05-11 14:23:23.346 Connection reset
2021-05-11 14:23:23.346 Connection reset
2021-05-11 14:23:23.346 Connection reset
2021-05-11 14:23:23.346 Connection reset
2021-05-11 14:23:23.346 Connection reset
2021-05-11 14:23:23.346 Connection reset
2021-05-11 14:23:23.346 Connection reset
2021-05-11 14:23:23.347 Connection reset
2021-05-11 14:23:23.347 Connection reset
2021-05-11 14:23:23.347 Connection reset
2021-05-11 14:23:23.347 Connection reset
2021-05-11 14:23:23.347 Connection reset
2021-05-11 14:23:23.347 Connection reset
2021-05-11 14:23:23.347 Connection reset
2021-05-11 14:23:23.347 Connection reset
2021-05-11 14:23:23.347 Connection reset
2021-05-11 14:23:23.347 Connection reset
2021-05-11 14:23:23.347 Connection reset
2021-05-11 14:23:23.347 Connection reset
2021-05-11 14:23:23.347 Connection reset
2021-05-11 14:23:23.347 Connection reset
2021-05-11 14:23:23.347 Connection reset
2021-05-11 14:23:23.347 Connection reset
2021-05-11 14:23:23.347 Connection reset
2021-05-11 14:23:23.347 Connection reset
2021-05-11 14:23:23.347 Connection reset
2021-05-11 14:23:23.347 Connection reset
2021-05-11 14:23:23.347 Connection reset
2021-05-11 14:23:23.347 Connection reset
2021-05-11 14:23:23.347 Connection reset
2021-05-11 14:23:23.349 Connection reset
2021-05-11 14:23:23.349 Connection reset
2021-05-11 14:23:23.349 Connection reset
2021-05-11 14:23:23.349 Connection reset
2021-05-11 14:23:23.35 Connection reset
2021-05-11 14:23:23.35 Connection reset
2021-05-11 14:23:23.35 Connection reset
2021-05-11 14:23:23.35 Connection reset
2021-05-11 14:23:23.35 Connection reset
2021-05-11 14:23:23.35 Connection reset
2021-05-11 14:23:23.35 Connection reset
2021-05-11 14:23:23.35 Connection reset
2021-05-11 14:23:23.35 Connection reset
2021-05-11 14:23:23.354 Connection reset
2021-05-11 14:23:23.354 Connection reset
2021-05-11 14:23:23.354 Connection reset
2021-05-11 14:23:23.354 Connection reset
2021-05-11 14:23:23.354 Connection reset
2021-05-11 14:23:23.354 Connection reset
2021-05-11 14:23:23.354 Connection reset
2021-05-11 14:23:23.354 Connection reset
2021-05-11 14:23:23.354 Connection reset
2021-05-11 14:23:23.355 Connection reset
2021-05-11 14:23:23.355 Connection reset
2021-05-11 14:23:23.355 Connection reset
2021-05-11 14:23:23.355 Connection reset
2021-05-11 14:23:23.355 Connection reset
2021-05-11 14:23:23.355 Connection reset
2021-05-11 14:23:23.355 Connection reset
2021-05-11 14:23:23.355 Connection reset
2021-05-11 14:23:23.37 Connection reset
2021-05-11 14:23:23.372 Connection reset
2021-05-11 14:23:23.372 Connection reset
2021-05-11 14:23:23.372 Connection reset
2021-05-11 14:23:23.372 Connection reset
2021-05-11 14:23:23.372 Connection reset
2021-05-11 14:23:23.373 Connection reset
2021-05-11 14:23:23.373 Connection reset
2021-05-11 14:23:23.373 Connection reset
2021-05-11 14:23:23.373 Connection reset
2021-05-11 14:23:23.373 Connection reset
2021-05-11 14:23:23.373 Connection reset
2021-05-11 14:23:23.373 Connection reset
2021-05-11 14:23:23.373 Connection reset
2021-05-11 14:23:23.373 Connection reset
2021-05-11 14:23:23.373 Connection reset
2021-05-11 14:23:23.373 Connection reset
2021-05-11 14:23:23.373 Connection reset
2021-05-11 14:23:23.373 Connection reset
2021-05-11 14:23:23.373 Connection reset
2021-05-11 14:23:23.373 Connection reset
2021-05-11 14:23:23.373 Connection reset
2021-05-11 14:23:23.373 Connection reset
2021-05-11 14:23:23.374 Connection reset
2021-05-11 14:23:23.374 Connection reset
2021-05-11 14:23:23.374 Connection reset
2021-05-11 14:23:23.374 Connection reset
2021-05-11 14:23:23.374 Connection reset
2021-05-11 14:23:23.374 Connection reset
2021-05-11 14:23:23.374 Connection reset
2021-05-11 14:23:23.374 Connection reset
2021-05-11 14:23:23.374 Connection reset
2021-05-11 14:23:23.374 Connection reset
2021-05-11 14:23:23.374 Connection reset
2021-05-11 14:23:23.374 Connection reset
2021-05-11 14:23:23.374 Connection reset
2021-05-11 14:23:23.374 Connection reset
2021-05-11 14:23:23.374 Connection reset
2021-05-11 14:23:23.374 Connection reset
2021-05-11 14:23:23.374 Connection reset
2021-05-11 14:23:23.376 Connection reset
2021-05-11 14:23:23.376 Connection reset
2021-05-11 14:23:23.376 Connection reset
2021-05-11 14:23:23.376 Connection reset
2021-05-11 14:23:23.377 Connection reset
2021-05-11 14:23:23.377 Connection reset
2021-05-11 14:23:23.377 Connection reset
2021-05-11 14:23:23.377 Connection reset
2021-05-11 14:23:23.377 Connection reset
2021-05-11 14:23:23.377 Connection reset
2021-05-11 14:23:23.377 Connection reset
2021-05-11 14:23:23.377 Connection reset
2021-05-11 14:23:23.377 Connection reset
2021-05-11 14:23:23.377 Connection reset
2021-05-11 14:23:23.377 Connection reset
2021-05-11 14:23:23.377 Connection reset
2021-05-11 14:23:23.377 Connection reset
2021-05-11 14:23:23.377 Connection reset
2021-05-11 14:23:23.377 Connection reset
2021-05-11 14:23:23.377 Connection reset
2021-05-11 14:23:23.377 Connection reset
2021-05-11 14:23:23.377 Connection reset
2021-05-11 14:23:23.377 Connection reset
2021-05-11 14:23:23.377 Connection reset
2021-05-11 14:23:23.377 Connection reset
2021-05-11 14:23:23.377 Connection reset
2021-05-11 14:23:23.377 Connection reset
2021-05-11 14:23:23.377 Connection reset
2021-05-11 14:23:23.377 Connection reset
2021-05-11 14:23:23.377 Connection reset
2021-05-11 14:23:23.377 Connection reset
2021-05-11 14:23:23.379 Connection reset
2021-05-11 14:23:23.379 Connection reset
2021-05-11 14:23:23.379 Connection reset
2021-05-11 14:23:23.379 Connection reset
2021-05-11 14:23:23.379 Connection reset
2021-05-11 14:23:23.379 Connection reset
2021-05-11 14:23:23.379 Connection reset
2021-05-11 14:23:23.379 Connection reset
2021-05-11 14:23:23.379 Connection reset
2021-05-11 14:23:23.379 Connection reset
2021-05-11 14:23:23.379 Connection reset
2021-05-11 14:23:23.379 Connection reset
2021-05-11 14:23:23.379 Connection reset
2021-05-11 14:23:23.379 Connection reset
2021-05-11 14:23:23.379 Connection reset
2021-05-11 14:23:23.379 Connection reset
2021-05-11 14:23:23.379 Connection reset
2021-05-11 14:23:23.379 Connection reset
2021-05-11 14:23:23.379 Connection reset
2021-05-11 14:23:23.379 Connection reset
2021-05-11 14:23:23.379 Connection reset
2021-05-11 14:23:23.379 Connection reset
2021-05-11 14:23:23.38 Connection reset
2021-05-11 14:23:23.38 Connection reset
2021-05-11 14:23:23.38 Connection reset
2021-05-11 14:23:23.38 Connection reset
2021-05-11 14:23:23.38 Connection reset
2021-05-11 14:23:23.38 Connection reset
2021-05-11 14:23:23.38 Connection reset
2021-05-11 14:23:23.38 Connection reset
2021-05-11 14:23:23.38 Connection reset
2021-05-11 14:23:23.38 Connection reset
2021-05-11 14:23:23.381 Connection reset
2021-05-11 14:23:23.381 Connection reset
2021-05-11 14:23:23.381 Connection reset
2021-05-11 14:23:23.381 Connection reset
2021-05-11 14:23:23.381 Connection reset
2021-05-11 14:23:23.381 Connection reset
2021-05-11 14:23:23.381 Connection reset
2021-05-11 14:23:23.381 Connection reset
2021-05-11 14:23:23.381 Connection reset
2021-05-11 14:23:23.381 Connection reset
2021-05-11 14:23:23.382 Connection reset
2021-05-11 14:23:23.382 Connection reset
2021-05-11 14:23:23.382 Connection reset
2021-05-11 14:23:23.382 Connection reset
2021-05-11 14:23:23.383 Connection reset
2021-05-11 14:23:23.383 Connection reset
2021-05-11 14:23:23.383 Connection reset
2021-05-11 14:23:23.383 Connection reset
2021-05-11 14:23:23.383 Connection reset
2021-05-11 14:23:23.383 Connection reset
2021-05-11 14:23:23.383 Connection reset
2021-05-11 14:23:23.383 Connection reset
2021-05-11 14:23:23.383 Connection reset
2021-05-11 14:23:23.383 Connection reset
2021-05-11 14:23:23.383 Connection reset
2021-05-11 14:23:23.383 Connection reset
2021-05-11 14:23:23.383 Connection reset
2021-05-11 14:23:23.383 Connection reset
2021-05-11 14:23:23.383 Connection reset
2021-05-11 14:23:23.383 Connection reset
2021-05-11 14:23:23.383 Connection reset
2021-05-11 14:23:23.383 Connection reset
2021-05-11 14:23:23.383 Connection reset
2021-05-11 14:23:23.383 Connection reset
2021-05-11 14:23:23.383 Connection reset
2021-05-11 14:23:23.383 Connection reset
2021-05-11 14:23:23.383 Connection reset
2021-05-11 14:23:23.383 Connection reset
2021-05-11 14:23:23.383 Connection reset
2021-05-11 14:23:23.383 Connection reset
2021-05-11 14:23:23.383 Connection reset
2021-05-11 14:23:23.383 Connection reset
2021-05-11 14:23:23.383 Connection reset
2021-05-11 14:23:23.383 Connection reset
2021-05-11 14:23:23.383 Connection reset
2021-05-11 14:23:23.383 Connection reset
2021-05-11 14:23:23.383 Connection reset
2021-05-11 14:23:23.383 Connection reset
2021-05-11 14:23:23.383 Connection reset
2021-05-11 14:23:23.383 Connection reset
2021-05-11 14:23:23.383 Connection reset
2021-05-11 14:23:23.383 Connection reset
2021-05-11 14:23:23.383 Connection reset
2021-05-11 14:23:23.383 Connection reset
2021-05-11 14:23:23.383 Connection reset
2021-05-11 14:23:23.383 Connection reset
2021-05-11 14:23:23.383 Connection reset
2021-05-11 14:23:23.383 Connection reset
2021-05-11 14:23:23.383 Connection reset
2021-05-11 14:23:23.383 Connection reset
2021-05-11 14:23:23.383 Connection reset
2021-05-11 14:23:23.383 Connection reset
2021-05-11 14:23:23.383 Connection reset
2021-05-11 14:23:23.383 Connection reset
2021-05-11 14:23:23.383 Connection reset
2021-05-11 14:23:23.383 Connection reset
2021-05-11 14:23:23.383 Connection reset
2021-05-11 14:23:23.383 Connection reset
2021-05-11 14:23:23.383 Connection reset
2021-05-11 14:23:23.383 Connection reset
2021-05-11 14:23:23.383 Connection reset
2021-05-11 14:23:23.383 Connection reset
2021-05-11 14:23:23.383 Connection reset
2021-05-11 14:23:23.383 Connection reset
2021-05-11 14:23:23.383 Connection reset
2021-05-11 14:23:23.383 Connection reset
2021-05-11 14:23:23.383 Connection reset
2021-05-11 14:23:23.383 Connection reset
2021-05-11 14:23:23.383 Connection reset
2021-05-11 14:23:23.383 Connection reset
2021-05-11 14:23:23.383 Connection reset
2021-05-11 14:23:23.383 Connection reset
2021-05-11 14:23:23.383 Connection reset
2021-05-11 14:23:23.39 Connection reset
2021-05-11 14:23:23.39 Connection reset
2021-05-11 14:23:23.39 Connection reset
2021-05-11 14:23:23.39 Connection reset
2021-05-11 14:23:23.39 Connection reset
2021-05-11 14:23:23.39 Connection reset
2021-05-11 14:23:23.39 Connection reset
2021-05-11 14:23:23.39 Connection reset
2021-05-11 14:23:23.39 Connection reset
2021-05-11 14:23:23.39 Connection reset
2021-05-11 14:23:23.39 Connection reset
2021-05-11 14:23:23.39 Connection reset
2021-05-11 14:23:23.39 Connection reset
2021-05-11 14:23:23.39 Connection reset
2021-05-11 14:23:23.39 Connection reset
2021-05-11 14:23:23.39 Connection reset
2021-05-11 14:23:23.39 Connection reset
2021-05-11 14:23:23.39 Connection reset
2021-05-11 14:23:23.39 Connection reset
2021-05-11 14:23:23.39 Connection reset
2021-05-11 14:23:23.39 Connection reset
2021-05-11 14:23:23.391 Connection reset
2021-05-11 14:23:23.391 Connection reset
2021-05-11 14:23:23.391 Connection reset
2021-05-11 14:23:23.391 Connection reset
2021-05-11 14:23:23.391 Connection reset
2021-05-11 14:23:23.393 Connection reset
2021-05-11 14:23:23.393 Connection reset
2021-05-11 14:23:23.409 Connection reset
2021-05-11 14:23:23.409 Connection reset
2021-05-11 14:23:23.409 Connection reset
2021-05-11 14:23:23.409 Connection reset
2021-05-11 14:23:23.409 Connection reset
2021-05-11 14:23:23.409 Connection reset
2021-05-11 14:23:23.409 Connection reset
2021-05-11 14:23:23.409 Connection reset
2021-05-11 14:23:23.409 Connection reset
2021-05-11 14:23:23.409 Connection reset
2021-05-11 14:23:23.409 Connection reset
2021-05-11 14:23:23.409 Connection reset
2021-05-11 14:23:23.409 Connection reset
2021-05-11 14:23:23.409 Connection reset
2021-05-11 14:23:23.409 Connection reset
2021-05-11 14:23:23.409 Connection reset
2021-05-11 14:23:23.409 Connection reset
2021-05-11 14:23:23.409 Connection reset
2021-05-11 14:23:23.409 Connection reset
2021-05-11 14:23:23.409 Connection reset
2021-05-11 14:23:23.409 Connection reset
2021-05-11 14:23:23.409 Connection reset
2021-05-11 14:23:23.409 Connection reset
2021-05-11 14:23:23.409 Connection reset
2021-05-11 14:23:23.409 Connection reset
2021-05-11 14:23:23.409 Connection reset
2021-05-11 14:23:23.409 Connection reset
2021-05-11 14:23:23.409 Connection reset
2021-05-11 14:23:23.409 Connection reset
2021-05-11 14:23:23.418 Connection reset
2021-05-11 14:23:23.418 Connection reset
2021-05-11 14:23:23.418 Connection reset
2021-05-11 14:23:23.418 Connection reset
2021-05-11 14:23:23.418 Connection reset
2021-05-11 14:23:23.418 Connection reset
2021-05-11 14:23:23.419 Connection reset
2021-05-11 14:23:23.419 Connection reset
2021-05-11 14:23:23.419 Connection reset
2021-05-11 14:23:23.419 Connection reset
2021-05-11 14:23:23.419 Connection reset
2021-05-11 14:23:23.419 Connection reset
2021-05-11 14:23:23.419 Connection reset
2021-05-11 14:23:23.419 Connection reset
2021-05-11 14:23:23.419 Connection reset
2021-05-11 14:23:23.419 Connection reset
2021-05-11 14:23:23.419 Connection reset
2021-05-11 14:23:23.419 Connection reset
2021-05-11 14:23:23.419 Connection reset
2021-05-11 14:23:23.419 Connection reset
2021-05-11 14:23:23.419 Connection reset
2021-05-11 14:23:23.42 Connection reset
2021-05-11 14:23:23.42 Connection reset
2021-05-11 14:23:23.42 Connection reset
2021-05-11 14:23:23.42 Connection reset
2021-05-11 14:23:23.42 Connection reset
2021-05-11 14:23:23.42 Connection reset
2021-05-11 14:23:23.42 Connection reset
2021-05-11 14:23:23.42 Connection reset
2021-05-11 14:23:23.42 Connection reset
2021-05-11 14:23:23.42 Connection reset
2021-05-11 14:23:23.42 Connection reset
2021-05-11 14:23:23.42 Connection reset
2021-05-11 14:23:23.421 Connection reset
2021-05-11 14:23:23.421 Connection reset
2021-05-11 14:23:23.421 Connection reset
2021-05-11 14:23:23.421 Connection reset
2021-05-11 14:23:23.421 Connection reset
2021-05-11 14:23:23.421 Connection reset
2021-05-11 14:23:23.421 Connection reset
2021-05-11 14:23:23.421 Connection reset
2021-05-11 14:23:23.421 Connection reset
2021-05-11 14:23:23.421 Connection reset
2021-05-11 14:23:23.421 Connection reset
2021-05-11 14:23:23.421 Connection reset
2021-05-11 14:23:23.421 Connection reset
2021-05-11 14:23:23.421 Connection reset
2021-05-11 14:23:23.422 Connection reset
2021-05-11 14:23:23.422 Connection reset
2021-05-11 14:23:23.422 Connection reset
2021-05-11 14:23:23.422 Connection reset
2021-05-11 14:23:23.422 Connection reset
2021-05-11 14:23:23.422 Connection reset
2021-05-11 14:23:23.422 Connection reset
2021-05-11 14:23:23.422 Connection reset
2021-05-11 14:23:23.422 Connection reset
2021-05-11 14:23:23.422 Connection reset
2021-05-11 14:23:23.422 Connection reset
2021-05-11 14:23:23.423 Connection reset
2021-05-11 14:23:23.424 Connection reset
2021-05-11 14:23:23.424 Connection reset
2021-05-11 14:23:23.424 Connection reset
2021-05-11 14:23:23.424 Connection reset
2021-05-11 14:23:23.424 Connection reset
2021-05-11 14:23:23.424 Connection reset
2021-05-11 14:23:23.424 Connection reset
2021-05-11 14:23:23.424 Connection reset
2021-05-11 14:23:23.424 Connection reset
2021-05-11 14:23:23.425 Connection reset
2021-05-11 14:23:23.425 Connection reset
2021-05-11 14:23:23.425 Connection reset
2021-05-11 14:23:23.425 Connection reset
2021-05-11 14:23:23.425 Connection reset
2021-05-11 14:23:23.425 Connection reset
2021-05-11 14:23:23.425 Connection reset
2021-05-11 14:23:23.425 Connection reset
2021-05-11 14:23:23.425 Connection reset
2021-05-11 14:23:23.425 Connection reset
2021-05-11 14:23:23.425 Connection reset
2021-05-11 14:23:23.425 Connection reset
2021-05-11 14:23:23.425 Connection reset
2021-05-11 14:23:23.425 Connection reset
2021-05-11 14:23:23.425 Connection reset
2021-05-11 14:23:23.426 Connection reset
2021-05-11 14:23:23.426 Connection reset
2021-05-11 14:23:23.426 Connection reset
2021-05-11 14:23:23.426 Connection reset
2021-05-11 14:23:23.426 Connection reset
2021-05-11 14:23:23.426 Connection reset
2021-05-11 14:23:23.426 Connection reset
2021-05-11 14:23:23.426 Connection reset
2021-05-11 14:23:23.426 Connection reset
2021-05-11 14:23:23.426 Connection reset
2021-05-11 14:23:23.426 Connection reset
2021-05-11 14:23:23.427 Connection reset
2021-05-11 14:23:23.427 Connection reset
2021-05-11 14:23:23.427 Connection reset
2021-05-11 14:23:23.427 Connection reset
2021-05-11 14:23:23.427 Connection reset
2021-05-11 14:23:23.427 Connection reset
2021-05-11 14:23:23.427 Connection reset
2021-05-11 14:23:23.427 Connection reset
2021-05-11 14:23:23.427 Connection reset
2021-05-11 14:23:23.427 Connection reset
2021-05-11 14:23:23.427 Connection reset
2021-05-11 14:23:23.427 Connection reset
2021-05-11 14:23:23.427 Connection reset
2021-05-11 14:23:23.427 Connection reset
2021-05-11 14:23:23.427 Connection reset
2021-05-11 14:23:23.427 Connection reset
2021-05-11 14:23:23.427 Connection reset
2021-05-11 14:23:23.427 Connection reset
2021-05-11 14:23:23.427 Connection reset
2021-05-11 14:23:23.427 Connection reset
2021-05-11 14:23:23.427 Connection reset
2021-05-11 14:23:23.427 Connection reset
2021-05-11 14:23:23.427 Connection reset
2021-05-11 14:23:23.427 Connection reset
2021-05-11 14:23:23.427 Connection reset
2021-05-11 14:23:23.427 Connection reset
2021-05-11 14:23:23.427 Connection reset
2021-05-11 14:23:23.427 Connection reset
2021-05-11 14:23:23.427 Connection reset
2021-05-11 14:23:23.427 Connection reset
2021-05-11 14:23:23.431 Connection reset
2021-05-11 14:23:23.431 Connection reset
2021-05-11 14:23:23.431 Connection reset
2021-05-11 14:23:23.431 Connection reset
2021-05-11 14:23:23.431 Connection reset
2021-05-11 14:23:23.431 Connection reset
2021-05-11 14:23:23.431 Connection reset
2021-05-11 14:23:23.431 Connection reset
2021-05-11 14:23:23.431 Connection reset
2021-05-11 14:23:23.431 Connection reset
2021-05-11 14:23:23.431 Connection reset
2021-05-11 14:23:23.431 Connection reset
2021-05-11 14:23:23.431 Connection reset
2021-05-11 14:23:23.431 Connection reset
2021-05-11 14:23:23.431 Connection reset
2021-05-11 14:23:23.432 Connection reset
2021-05-11 14:23:23.432 Connection reset
2021-05-11 14:23:23.432 Connection reset
2021-05-11 14:23:23.432 Connection reset
2021-05-11 14:23:23.432 Connection reset
2021-05-11 14:23:23.432 Connection reset
2021-05-11 14:23:23.432 Connection reset
2021-05-11 14:23:23.432 Connection reset
2021-05-11 14:23:23.432 Connection reset
2021-05-11 14:23:23.432 Connection reset
2021-05-11 14:23:23.432 Connection reset
2021-05-11 14:23:23.432 Connection reset
2021-05-11 14:23:23.432 Connection reset
2021-05-11 14:23:23.432 Connection reset
2021-05-11 14:23:23.432 Connection reset
2021-05-11 14:23:23.432 Connection reset
2021-05-11 14:23:23.432 Connection reset
2021-05-11 14:23:23.433 Connection reset
2021-05-11 14:23:23.433 Connection reset
2021-05-11 14:23:23.433 Connection reset
2021-05-11 14:23:23.433 Connection reset
2021-05-11 14:23:23.433 Connection reset
2021-05-11 14:23:23.433 Connection reset
2021-05-11 14:23:23.433 Connection reset
2021-05-11 14:23:23.433 Connection reset
2021-05-11 14:23:23.433 Connection reset
2021-05-11 14:23:23.433 Connection reset
2021-05-11 14:23:23.433 Connection reset
2021-05-11 14:23:23.433 Connection reset
2021-05-11 14:23:23.433 Connection reset
2021-05-11 14:23:23.433 Connection reset
2021-05-11 14:23:23.433 Connection reset
2021-05-11 14:23:23.433 Connection reset
2021-05-11 14:23:23.433 Connection reset
2021-05-11 14:23:23.433 Connection reset
2021-05-11 14:23:23.433 Connection reset
2021-05-11 14:23:23.435 Connection reset
2021-05-11 14:23:23.435 Connection reset
2021-05-11 14:23:23.435 Connection reset
2021-05-11 14:23:23.435 Connection reset
2021-05-11 14:23:23.435 Connection reset
2021-05-11 14:23:23.435 Connection reset
2021-05-11 14:23:23.435 Connection reset
2021-05-11 14:23:23.435 Connection reset
2021-05-11 14:23:23.435 Connection reset
2021-05-11 14:23:23.435 Connection reset
2021-05-11 14:23:23.435 Connection reset
2021-05-11 14:23:23.435 Connection reset
2021-05-11 14:23:23.435 Connection reset
2021-05-11 14:23:23.435 Connection reset
2021-05-11 14:23:23.435 Connection reset
2021-05-11 14:23:23.435 Connection reset
2021-05-11 14:23:23.435 Connection reset
2021-05-11 14:23:23.435 Connection reset
2021-05-11 14:23:23.437 Connection reset
2021-05-11 14:23:23.437 Connection reset
2021-05-11 14:23:23.437 Connection reset
2021-05-11 14:23:23.437 Connection reset
2021-05-11 14:23:23.437 Connection reset
2021-05-11 14:23:23.437 Connection reset
2021-05-11 14:23:23.437 Connection reset
2021-05-11 14:23:23.437 Connection reset
2021-05-11 14:23:23.438 Connection reset
2021-05-11 14:23:23.438 Connection reset
2021-05-11 14:23:23.439 Connection reset
2021-05-11 14:23:23.439 Connection reset
2021-05-11 14:23:23.439 Connection reset
2021-05-11 14:23:23.439 Connection reset
2021-05-11 14:23:23.439 Connection reset
2021-05-11 14:23:23.439 Connection reset
2021-05-11 14:23:23.439 Connection reset
2021-05-11 14:23:23.439 Connection reset
2021-05-11 14:23:23.439 Connection reset
2021-05-11 14:23:23.439 Connection reset
2021-05-11 14:23:23.439 Connection reset
2021-05-11 14:23:23.439 Connection reset
2021-05-11 14:23:23.439 Connection reset
2021-05-11 14:23:23.439 Connection reset
2021-05-11 14:23:23.439 Connection reset
2021-05-11 14:23:23.439 Connection reset
2021-05-11 14:23:23.439 Connection reset
2021-05-11 14:23:23.44 Connection reset
2021-05-11 14:23:23.44 Connection reset
2021-05-11 14:23:23.44 Connection reset
2021-05-11 14:23:23.44 Connection reset
2021-05-11 14:23:23.44 Connection reset
2021-05-11 14:23:23.44 Connection reset
2021-05-11 14:23:23.44 Connection reset
2021-05-11 14:23:23.44 Connection reset
2021-05-11 14:23:23.44 Connection reset
2021-05-11 14:23:23.44 Connection reset
2021-05-11 14:23:23.44 Connection reset
2021-05-11 14:23:23.44 Connection reset
2021-05-11 14:23:23.44 Connection reset
2021-05-11 14:23:23.44 Connection reset
2021-05-11 14:23:23.441 Connection reset
2021-05-11 14:23:23.441 Connection reset
2021-05-11 14:23:23.441 Connection reset
2021-05-11 14:23:23.441 Connection reset
2021-05-11 14:23:23.441 Connection reset
2021-05-11 14:23:23.441 Connection reset
2021-05-11 14:23:23.441 Connection reset
2021-05-11 14:23:23.441 Connection reset
2021-05-11 14:23:23.441 Connection reset
2021-05-11 14:23:23.441 Connection reset
2021-05-11 14:23:23.441 Connection reset
2021-05-11 14:23:23.441 Connection reset
2021-05-11 14:23:23.441 Connection reset
2021-05-11 14:23:23.441 Connection reset
2021-05-11 14:23:23.441 Connection reset
2021-05-11 14:23:23.442 Connection reset
2021-05-11 14:23:23.442 Connection reset
2021-05-11 14:23:23.442 Connection reset
2021-05-11 14:23:23.442 Connection reset
2021-05-11 14:23:23.442 Connection reset
2021-05-11 14:23:23.442 Connection reset
2021-05-11 14:23:23.442 Connection reset
2021-05-11 14:23:23.442 Connection reset
2021-05-11 14:23:23.442 Connection reset
2021-05-11 14:23:23.442 Connection reset
2021-05-11 14:23:23.442 Connection reset
2021-05-11 14:23:23.442 Connection reset
2021-05-11 14:23:23.442 Connection reset
2021-05-11 14:23:23.442 Connection reset
2021-05-11 14:23:23.443 Connection reset
2021-05-11 14:23:23.443 Connection reset
2021-05-11 14:23:23.443 Connection reset
2021-05-11 14:23:23.443 Connection reset
2021-05-11 14:23:23.443 Connection reset
2021-05-11 14:23:23.443 Connection reset
2021-05-11 14:23:23.443 Connection reset
2021-05-11 14:23:23.443 Connection reset
2021-05-11 14:23:23.443 Connection reset
2021-05-11 14:23:23.443 Connection reset
2021-05-11 14:23:23.443 Connection reset
2021-05-11 14:23:23.443 Connection reset
2021-05-11 14:23:23.443 Connection reset
2021-05-11 14:23:23.443 Connection reset
2021-05-11 14:23:23.445 Connection reset
2021-05-11 14:23:23.445 Connection reset
2021-05-11 14:23:23.445 Connection reset
2021-05-11 14:23:23.445 Connection reset
2021-05-11 14:23:23.445 Connection reset
2021-05-11 14:23:23.445 Connection reset
2021-05-11 14:23:23.445 Connection reset
2021-05-11 14:23:23.445 Connection reset
2021-05-11 14:23:23.445 Connection reset
2021-05-11 14:23:23.445 Connection reset
2021-05-11 14:23:23.445 Connection reset
2021-05-11 14:23:23.445 Connection reset
2021-05-11 14:23:23.445 Connection reset
2021-05-11 14:23:23.445 Connection reset
2021-05-11 14:23:23.446 Connection reset
2021-05-11 14:23:23.446 Connection reset
2021-05-11 14:23:23.446 Connection reset
2021-05-11 14:23:23.446 Connection reset
2021-05-11 14:23:23.446 Connection reset
2021-05-11 14:23:23.446 Connection reset
2021-05-11 14:23:23.446 Connection reset
2021-05-11 14:23:23.446 Connection reset
2021-05-11 14:23:23.446 Connection reset
2021-05-11 14:23:23.446 Connection reset
2021-05-11 14:23:23.446 Connection reset
2021-05-11 14:23:23.446 Connection reset
2021-05-11 14:23:23.446 Connection reset
2021-05-11 14:23:23.446 Connection reset
2021-05-11 14:23:23.447 Connection reset
2021-05-11 14:23:23.447 Connection reset
2021-05-11 14:23:23.447 Connection reset
2021-05-11 14:23:23.447 Connection reset
2021-05-11 14:23:23.447 Connection reset
2021-05-11 14:23:23.447 Connection reset
2021-05-11 14:23:23.447 Connection reset
2021-05-11 14:23:23.447 Connection reset
2021-05-11 14:23:23.447 Connection reset
2021-05-11 14:23:23.447 Connection reset
2021-05-11 14:23:23.447 Connection reset
2021-05-11 14:23:23.447 Connection reset
2021-05-11 14:23:23.447 Connection reset
2021-05-11 14:23:23.447 Connection reset
2021-05-11 14:23:23.447 Connection reset
2021-05-11 14:23:23.447 Connection reset
2021-05-11 14:23:23.448 Connection reset
2021-05-11 14:23:23.448 Connection reset
2021-05-11 14:23:23.448 Connection reset
2021-05-11 14:23:23.448 Connection reset
2021-05-11 14:23:23.448 Connection reset
2021-05-11 14:23:23.448 Connection reset
2021-05-11 14:23:23.448 Connection reset
2021-05-11 14:23:23.448 Connection reset
2021-05-11 14:23:23.448 Connection reset
2021-05-11 14:23:23.448 Connection reset
2021-05-11 14:23:23.448 Connection reset
2021-05-11 14:23:23.448 Connection reset
2021-05-11 14:23:23.448 Connection reset
2021-05-11 14:23:23.448 Connection reset
2021-05-11 14:23:23.448 Connection reset
2021-05-11 14:23:23.448 Connection reset
2021-05-11 14:23:23.448 Connection reset
2021-05-11 14:23:23.449 Connection reset
2021-05-11 14:23:23.449 Connection reset
2021-05-11 14:23:23.449 Connection reset
2021-05-11 14:23:23.449 Connection reset
2021-05-11 14:23:23.449 Connection reset
2021-05-11 14:23:23.449 Connection reset
2021-05-11 14:23:23.449 Connection reset
2021-05-11 14:23:23.449 Connection reset
2021-05-11 14:23:23.449 Connection reset
2021-05-11 14:23:23.449 Connection reset
2021-05-11 14:23:23.449 Connection reset
2021-05-11 14:23:23.449 Connection reset
2021-05-11 14:23:23.449 Connection reset
2021-05-11 14:23:23.449 Connection reset
2021-05-11 14:23:23.449 Connection reset
2021-05-11 14:23:23.449 Connection reset
2021-05-11 14:23:23.449 Connection reset
2021-05-11 14:23:23.45 Connection reset
2021-05-11 14:23:23.45 Connection reset
2021-05-11 14:23:23.45 Connection reset
2021-05-11 14:23:23.45 Connection reset
2021-05-11 14:23:23.45 Connection reset
2021-05-11 14:23:23.45 Connection reset
2021-05-11 14:23:23.45 Connection reset
2021-05-11 14:23:23.45 Connection reset
2021-05-11 14:23:23.45 Connection reset
2021-05-11 14:23:23.45 Connection reset
2021-05-11 14:23:23.451 Connection reset
2021-05-11 14:23:23.451 Connection reset
2021-05-11 14:23:23.451 Connection reset
2021-05-11 14:23:23.451 Connection reset
2021-05-11 14:23:23.451 Connection reset
2021-05-11 14:23:23.451 Connection reset
2021-05-11 14:23:23.451 Connection reset
2021-05-11 14:23:23.451 Connection reset
2021-05-11 14:23:23.451 Connection reset
2021-05-11 14:23:23.451 Connection reset
2021-05-11 14:23:23.451 Connection reset
2021-05-11 14:23:23.451 Connection reset
2021-05-11 14:23:23.451 Connection reset
2021-05-11 14:23:23.451 Connection reset
2021-05-11 14:23:23.451 Connection reset
2021-05-11 14:23:23.451 Connection reset
2021-05-11 14:23:23.452 Connection reset
2021-05-11 14:23:23.452 Connection reset
2021-05-11 14:23:23.452 Connection reset
2021-05-11 14:23:23.452 Connection reset
2021-05-11 14:23:23.452 Connection reset
2021-05-11 14:23:23.452 Connection reset
2021-05-11 14:23:23.452 Connection reset
2021-05-11 14:23:23.452 Connection reset
2021-05-11 14:23:23.452 Connection reset
2021-05-11 14:23:23.452 Connection reset
2021-05-11 14:23:23.452 Connection reset
2021-05-11 14:23:23.452 Connection reset
2021-05-11 14:23:23.452 Connection reset
2021-05-11 14:23:23.452 Connection reset
2021-05-11 14:23:23.452 Connection reset
2021-05-11 14:23:23.452 Connection reset
2021-05-11 14:23:23.452 Connection reset
2021-05-11 14:23:23.452 Connection reset
2021-05-11 14:23:23.452 Connection reset
2021-05-11 14:23:23.453 Connection reset
2021-05-11 14:23:23.453 Connection reset
2021-05-11 14:23:23.453 Connection reset
2021-05-11 14:23:23.453 Connection reset
2021-05-11 14:23:23.453 Connection reset
2021-05-11 14:23:23.453 Connection reset
2021-05-11 14:23:23.453 Connection reset
2021-05-11 14:23:23.453 Connection reset
2021-05-11 14:23:23.453 Connection reset
2021-05-11 14:23:23.453 Connection reset
2021-05-11 14:23:23.453 Connection reset
2021-05-11 14:23:23.453 Connection reset
2021-05-11 14:23:23.453 Connection reset
2021-05-11 14:23:23.453 Connection reset
2021-05-11 14:23:23.453 Connection reset
2021-05-11 14:23:23.453 Connection reset
2021-05-11 14:23:23.453 Connection reset
2021-05-11 14:23:23.454 Connection reset
2021-05-11 14:23:23.455 Connection reset
2021-05-11 14:23:23.455 Connection reset
2021-05-11 14:23:23.455 Connection reset
2021-05-11 14:23:23.455 Connection reset
2021-05-11 14:23:23.455 Connection reset
2021-05-11 14:23:23.455 Connection reset
2021-05-11 14:23:23.455 Connection reset
2021-05-11 14:23:23.455 Connection reset
2021-05-11 14:23:23.455 Connection reset
2021-05-11 14:23:23.455 Connection reset
2021-05-11 14:23:23.455 Connection reset
2021-05-11 14:23:23.455 Connection reset
2021-05-11 14:23:23.455 Connection reset
2021-05-11 14:23:23.455 Connection reset
2021-05-11 14:23:23.455 Connection reset
2021-05-11 14:23:23.455 Connection reset
2021-05-11 14:23:23.455 Connection reset
2021-05-11 14:23:23.455 Connection reset
2021-05-11 14:23:23.455 Connection reset
2021-05-11 14:23:23.455 Connection reset
2021-05-11 14:23:23.455 Connection reset
2021-05-11 14:23:23.455 Connection reset
2021-05-11 14:23:23.455 Connection reset
2021-05-11 14:23:23.455 Connection reset
2021-05-11 14:23:23.456 Connection reset
2021-05-11 14:23:23.456 Connection reset
2021-05-11 14:23:23.456 Connection reset
2021-05-11 14:23:23.456 Connection reset
2021-05-11 14:23:23.456 Connection reset
2021-05-11 14:23:23.456 Connection reset
2021-05-11 14:23:23.456 Connection reset
2021-05-11 14:23:23.456 Connection reset
2021-05-11 14:23:23.456 Connection reset
2021-05-11 14:23:23.456 Connection reset
2021-05-11 14:23:23.456 Connection reset
2021-05-11 14:23:23.456 Connection reset
2021-05-11 14:23:23.456 Connection reset
2021-05-11 14:23:23.456 Connection reset
2021-05-11 14:23:23.456 Connection reset
2021-05-11 14:23:23.456 Connection reset
2021-05-11 14:23:23.456 Connection reset
2021-05-11 14:23:23.456 Connection reset
2021-05-11 14:23:23.456 Connection reset
2021-05-11 14:23:23.456 Connection reset
2021-05-11 14:23:23.456 Connection reset
2021-05-11 14:23:23.457 Connection reset
2021-05-11 14:23:23.457 Connection reset
2021-05-11 14:23:23.457 Connection reset
2021-05-11 14:23:23.457 Connection reset
2021-05-11 14:23:23.457 Connection reset
2021-05-11 14:23:23.457 Connection reset
2021-05-11 14:23:23.457 Connection reset
2021-05-11 14:23:23.457 Connection reset
2021-05-11 14:23:23.457 Connection reset
2021-05-11 14:23:23.457 Connection reset
2021-05-11 14:23:23.457 Connection reset
2021-05-11 14:23:23.457 Connection reset
2021-05-11 14:23:23.457 Connection reset
2021-05-11 14:23:23.457 Connection reset
2021-05-11 14:23:23.457 Connection reset
2021-05-11 14:23:23.457 Connection reset
2021-05-11 14:23:23.457 Connection reset
2021-05-11 14:23:23.457 Connection reset
2021-05-11 14:23:23.457 Connection reset
2021-05-11 14:23:23.457 Connection reset
2021-05-11 14:23:23.457 Connection reset
2021-05-11 14:23:23.457 Connection reset
2021-05-11 14:23:23.457 Connection reset
2021-05-11 14:23:23.457 Connection reset
2021-05-11 14:23:23.457 Connection reset
2021-05-11 14:23:23.457 Connection reset
2021-05-11 14:23:23.457 Connection reset
2021-05-11 14:23:23.457 Connection reset
2021-05-11 14:23:23.457 Connection reset
2021-05-11 14:23:23.457 Connection reset
2021-05-11 14:23:23.457 Connection reset
2021-05-11 14:23:23.457 Connection reset
2021-05-11 14:23:23.458 Connection reset
2021-05-11 14:23:23.458 Connection reset
2021-05-11 14:23:23.458 Connection reset
2021-05-11 14:23:23.458 Connection reset
2021-05-11 14:23:23.458 Connection reset
2021-05-11 14:23:23.458 Connection reset
2021-05-11 14:23:23.458 Connection reset
2021-05-11 14:23:23.458 Connection reset
2021-05-11 14:23:23.458 Connection reset
2021-05-11 14:23:23.458 Connection reset
2021-05-11 14:23:23.458 Connection reset
2021-05-11 14:23:23.458 Connection reset
2021-05-11 14:23:23.458 Connection reset
2021-05-11 14:23:23.458 Connection reset
2021-05-11 14:23:23.458 Connection reset
2021-05-11 14:23:23.458 Connection reset
2021-05-11 14:23:23.458 Connection reset
2021-05-11 14:23:23.458 Connection reset
2021-05-11 14:23:23.458 Connection reset
2021-05-11 14:23:23.458 Connection reset
2021-05-11 14:23:23.458 Connection reset
2021-05-11 14:23:23.458 Connection reset
2021-05-11 14:23:23.459 Connection reset
2021-05-11 14:23:23.459 Connection reset
2021-05-11 14:23:23.459 Connection reset
2021-05-11 14:23:23.459 Connection reset
2021-05-11 14:23:23.459 Connection reset
2021-05-11 14:23:23.459 Connection reset
2021-05-11 14:23:23.459 Connection reset
2021-05-11 14:23:23.459 Connection reset
2021-05-11 14:23:23.459 Connection reset
2021-05-11 14:23:23.459 Connection reset
2021-05-11 14:23:23.459 Connection reset
2021-05-11 14:23:23.459 Connection reset
2021-05-11 14:23:23.459 Connection reset
2021-05-11 14:23:23.459 Connection reset
2021-05-11 14:23:23.459 Connection reset
2021-05-11 14:23:23.459 Connection reset
2021-05-11 14:23:23.459 Connection reset
2021-05-11 14:23:23.459 Connection reset
2021-05-11 14:23:23.459 Connection reset
2021-05-11 14:23:23.459 Connection reset
2021-05-11 14:23:23.459 Connection reset
2021-05-11 14:23:23.459 Connection reset
2021-05-11 14:23:23.459 Connection reset
2021-05-11 14:23:23.459 Connection reset
2021-05-11 14:23:23.459 Connection reset
2021-05-11 14:23:23.459 Connection reset
2021-05-11 14:23:23.459 Connection reset
2021-05-11 14:23:23.459 Connection reset
2021-05-11 14:23:23.459 Connection reset
2021-05-11 14:23:23.459 Connection reset
2021-05-11 14:23:23.459 Connection reset
2021-05-11 14:23:23.459 Connection reset
2021-05-11 14:23:23.459 Connection reset
2021-05-11 14:23:23.459 Connection reset
2021-05-11 14:23:23.459 Connection reset
2021-05-11 14:23:23.459 Connection reset
2021-05-11 14:23:23.459 Connection reset
2021-05-11 14:23:23.459 Connection reset
2021-05-11 14:23:23.459 Connection reset
2021-05-11 14:23:23.459 Connection reset
2021-05-11 14:23:23.459 Connection reset
2021-05-11 14:23:23.459 Connection reset
2021-05-11 14:23:23.459 Connection reset
2021-05-11 14:23:23.459 Connection reset
2021-05-11 14:23:23.459 Connection reset
2021-05-11 14:23:23.459 Connection reset
2021-05-11 14:23:23.459 Connection reset
2021-05-11 14:23:23.459 Connection reset
2021-05-11 14:23:23.459 Connection reset
2021-05-11 14:23:23.459 Connection reset
2021-05-11 14:23:23.459 Connection reset
2021-05-11 14:23:23.459 Connection reset
2021-05-11 14:23:23.459 Connection reset
2021-05-11 14:23:23.459 Connection reset
2021-05-11 14:23:23.459 Connection reset
2021-05-11 14:23:23.459 Connection reset
2021-05-11 14:23:23.459 Connection reset
2021-05-11 14:23:23.459 Connection reset
2021-05-11 14:23:23.459 Connection reset
2021-05-11 14:23:23.459 Connection reset
2021-05-11 14:23:23.459 Connection reset
2021-05-11 14:23:23.459 Connection reset
2021-05-11 14:23:23.459 Connection reset
2021-05-11 14:23:23.459 Connection reset
2021-05-11 14:23:23.459 Connection reset
2021-05-11 14:23:23.459 Connection reset
2021-05-11 14:23:23.459 Connection reset
2021-05-11 14:23:23.459 Connection reset
021-05-11 14:23:23.383 Connection reset
2021-05-11 14:23:23.383 Connection reset
2021-05-11 14:23:23.383 Connection reset
2021-05-11 14:23:23.383 Connection reset
2021-05-11 14:23:23.383 Connection reset
2021-05-11 14:23:23.383 Connection reset
2021-05-11 14:23:23.383 Connection reset
2021-05-11 14:23:23.383 Connection reset
2021-05-11 14:23:23.383 Connection reset
2021-05-11 14:23:23.383 Connection reset
2021-05-11 14:23:23.383 Connection reset
2021-05-11 14:23:23.383 Connection reset
2021-05-11 14:23:23.383 Connection reset
2021-05-11 14:23:23.383 Connection reset
2021-05-11 14:23:23.383 Connection reset
2021-05-11 14:23:23.383 Connection reset
2021-05-11 14:23:23.383 Connection reset
2021-05-11 14:23:23.383 Connection reset
2021-05-11 14:23:23.383 Connection reset
2021-05-11 14:23:23.383 Connection reset
2021-05-11 14:23:23.383 Connection reset
2021-05-11 14:23:23.383 Connection reset
2021-05-11 14:23:23.383 Connection reset
2021-05-11 14:23:23.383 Connection reset
2021-05-11 14:23:23.383 Connection reset
